14 Mar 2025 12:34:13,210 INFO  CarsDBRepository 18 <init> - Initializing CarsDBRepository with properties: {} 
14 Mar 2025 13:22:24,561 INFO  CarsDBRepository 18 <init> - Initializing CarsDBRepository with properties: {} 
14 Mar 2025 13:22:24,574 TRACE CarsDBRepository 36 add - Enter saving task {}
14 Mar 2025 13:22:24,575 TRACE JdbcUtils 46 getConnection - Enter
14 Mar 2025 13:22:24,575 TRACE JdbcUtils 23 getNewConnection - Enter
14 Mar 2025 13:22:24,576 INFO  JdbcUtils 28 getNewConnection - trying to connect to database ... null
14 Mar 2025 13:22:24,577 INFO  JdbcUtils 29 getNewConnection - user: null
14 Mar 2025 13:22:24,577 INFO  JdbcUtils 30 getNewConnection - pass: null
14 Mar 2025 13:22:24,581 ERROR JdbcUtils 39 getNewConnection - java.sql.SQLException: The url cannot be null
14 Mar 2025 13:22:24,583 TRACE JdbcUtils 55 getConnection - Exit
14 Mar 2025 13:31:54,177 INFO  CarsDBRepository 18 <init> - Initializing CarsDBRepository with properties: {} 
14 Mar 2025 13:31:54,192 TRACE CarsDBRepository 36 add - Enter saving task {}
14 Mar 2025 13:31:54,194 TRACE JdbcUtils 46 getConnection - Enter
14 Mar 2025 13:31:54,195 TRACE JdbcUtils 23 getNewConnection - Enter
14 Mar 2025 13:31:54,195 INFO  JdbcUtils 28 getNewConnection - trying to connect to database ... null
14 Mar 2025 13:31:54,196 INFO  JdbcUtils 29 getNewConnection - user: null
14 Mar 2025 13:31:54,197 INFO  JdbcUtils 30 getNewConnection - pass: null
14 Mar 2025 13:31:54,202 ERROR JdbcUtils 39 getNewConnection - java.sql.SQLException: The url cannot be null
14 Mar 2025 13:31:54,204 TRACE JdbcUtils 55 getConnection - Exit
14 Mar 2025 13:33:52,799 INFO  CarsDBRepository 18 <init> - Initializing CarsDBRepository with properties: {} 
14 Mar 2025 13:33:52,812 TRACE CarsDBRepository 36 add - Enter saving task {}
14 Mar 2025 13:33:52,814 TRACE JdbcUtils 46 getConnection - Enter
14 Mar 2025 13:33:52,814 TRACE JdbcUtils 23 getNewConnection - Enter
14 Mar 2025 13:33:52,815 INFO  JdbcUtils 28 getNewConnection - trying to connect to database ... null
14 Mar 2025 13:33:52,816 INFO  JdbcUtils 29 getNewConnection - user: null
14 Mar 2025 13:33:52,816 INFO  JdbcUtils 30 getNewConnection - pass: null
14 Mar 2025 13:33:52,820 ERROR JdbcUtils 39 getNewConnection - java.sql.SQLException: The url cannot be null
14 Mar 2025 13:33:52,822 TRACE JdbcUtils 55 getConnection - Exit
14 Mar 2025 13:37:04,078 INFO  CarsDBRepository 18 <init> - Initializing CarsDBRepository with properties: {} 
14 Mar 2025 13:37:04,090 TRACE CarsDBRepository 36 add - Enter saving task {}
14 Mar 2025 13:37:04,091 TRACE JdbcUtils 46 getConnection - Enter
14 Mar 2025 13:37:04,092 TRACE JdbcUtils 23 getNewConnection - Enter
14 Mar 2025 13:37:04,093 INFO  JdbcUtils 28 getNewConnection - trying to connect to database ... null
14 Mar 2025 13:37:04,093 INFO  JdbcUtils 29 getNewConnection - user: null
14 Mar 2025 13:37:04,094 INFO  JdbcUtils 30 getNewConnection - pass: null
14 Mar 2025 13:37:04,096 ERROR JdbcUtils 39 getNewConnection - java.sql.SQLException: The url cannot be null
14 Mar 2025 13:37:04,098 TRACE JdbcUtils 55 getConnection - Exit
17 Mar 2025 12:11:06,118 INFO  CarsDBRepository 18 <init> - Initializing CarsDBRepository with properties: {} 
17 Mar 2025 12:11:06,175 TRACE CarsDBRepository 36 add - Enter saving task {}
17 Mar 2025 12:11:06,176 TRACE JdbcUtils 46 getConnection - Enter
17 Mar 2025 12:11:06,176 TRACE JdbcUtils 23 getNewConnection - Enter
17 Mar 2025 12:11:06,178 INFO  JdbcUtils 28 getNewConnection - trying to connect to database ... null
17 Mar 2025 12:11:06,179 INFO  JdbcUtils 29 getNewConnection - user: null
17 Mar 2025 12:11:06,180 INFO  JdbcUtils 30 getNewConnection - pass: null
17 Mar 2025 12:11:06,183 ERROR JdbcUtils 39 getNewConnection - java.sql.SQLException: The url cannot be null
17 Mar 2025 12:11:06,186 TRACE JdbcUtils 55 getConnection - Exit
17 Mar 2025 12:18:13,012 INFO  CarsDBRepository 18 <init> - Initializing CarsDBRepository with properties: {jdbc.url=C:\Users\serba\Desktop\Fac\MPP\teme-lab-SergiuSerba\lab3\lab3DB.db} 
17 Mar 2025 12:18:13,034 TRACE CarsDBRepository 36 add - Enter saving task {}
17 Mar 2025 12:18:13,036 TRACE JdbcUtils 46 getConnection - Enter
17 Mar 2025 12:18:13,037 TRACE JdbcUtils 23 getNewConnection - Enter
17 Mar 2025 12:18:13,038 INFO  JdbcUtils 28 getNewConnection - trying to connect to database ... C:\Users\serba\Desktop\Fac\MPP\teme-lab-SergiuSerba\lab3\lab3DB.db
17 Mar 2025 12:18:13,039 INFO  JdbcUtils 29 getNewConnection - user: null
17 Mar 2025 12:18:13,041 INFO  JdbcUtils 30 getNewConnection - pass: null
17 Mar 2025 12:18:13,119 ERROR JdbcUtils 39 getNewConnection - java.sql.SQLException: No suitable driver found for C:\Users\serba\Desktop\Fac\MPP\teme-lab-SergiuSerba\lab3\lab3DB.db
17 Mar 2025 12:18:13,121 TRACE JdbcUtils 55 getConnection - Exit
17 Mar 2025 12:19:27,428 INFO  CarsDBRepository 18 <init> - Initializing CarsDBRepository with properties: {jdbc.url=C:\Users\serba\Desktop\Fac\MPP\teme-lab-SergiuSerba\lab3\lab3DB.db} 
17 Mar 2025 12:19:27,441 TRACE CarsDBRepository 36 add - Enter saving task {}
17 Mar 2025 12:19:27,442 TRACE JdbcUtils 46 getConnection - Enter
17 Mar 2025 12:19:27,443 TRACE JdbcUtils 23 getNewConnection - Enter
17 Mar 2025 12:19:27,443 INFO  JdbcUtils 28 getNewConnection - trying to connect to database ... C:\Users\serba\Desktop\Fac\MPP\teme-lab-SergiuSerba\lab3\lab3DB.db
17 Mar 2025 12:19:27,444 INFO  JdbcUtils 29 getNewConnection - user: null
17 Mar 2025 12:19:27,445 INFO  JdbcUtils 30 getNewConnection - pass: null
17 Mar 2025 12:19:27,491 ERROR JdbcUtils 39 getNewConnection - java.sql.SQLException: No suitable driver found for C:\Users\serba\Desktop\Fac\MPP\teme-lab-SergiuSerba\lab3\lab3DB.db
17 Mar 2025 12:19:27,493 TRACE JdbcUtils 55 getConnection - Exit
17 Mar 2025 13:03:34,254 INFO  CarsDBRepository 18 <init> - Initializing CarsDBRepository with properties: {jdbc.url=C:\Users\serba\Desktop\Fac\MPP\teme-lab-SergiuSerba\lab3\lab3DB.db} 
17 Mar 2025 13:03:34,268 TRACE CarsDBRepository 36 add - Enter saving task {}
17 Mar 2025 13:03:34,269 TRACE JdbcUtils 46 getConnection - Enter
17 Mar 2025 13:03:34,269 TRACE JdbcUtils 23 getNewConnection - Enter
17 Mar 2025 13:03:34,270 INFO  JdbcUtils 28 getNewConnection - trying to connect to database ... C:\Users\serba\Desktop\Fac\MPP\teme-lab-SergiuSerba\lab3\lab3DB.db
17 Mar 2025 13:03:34,271 INFO  JdbcUtils 29 getNewConnection - user: null
17 Mar 2025 13:03:34,272 INFO  JdbcUtils 30 getNewConnection - pass: null
17 Mar 2025 13:03:34,312 ERROR JdbcUtils 39 getNewConnection - java.sql.SQLException: No suitable driver found for C:\Users\serba\Desktop\Fac\MPP\teme-lab-SergiuSerba\lab3\lab3DB.db
17 Mar 2025 13:03:34,312 TRACE JdbcUtils 55 getConnection - Exit
17 Mar 2025 14:17:28,335 INFO  CarsDBRepository 18 <init> - Initializing CarsDBRepository with properties: {jdbc.url=C:\Users\serba\Desktop\Fac\MPP\teme-lab-SergiuSerba\lab3\lab3DB.db} 
17 Mar 2025 14:17:28,348 TRACE CarsDBRepository 36 add - Enter saving task {}
17 Mar 2025 14:17:28,349 TRACE JdbcUtils 46 getConnection - Enter
17 Mar 2025 14:17:28,350 TRACE JdbcUtils 23 getNewConnection - Enter
17 Mar 2025 14:17:28,351 INFO  JdbcUtils 28 getNewConnection - trying to connect to database ... C:\Users\serba\Desktop\Fac\MPP\teme-lab-SergiuSerba\lab3\lab3DB.db
17 Mar 2025 14:17:28,351 INFO  JdbcUtils 29 getNewConnection - user: null
17 Mar 2025 14:17:28,352 INFO  JdbcUtils 30 getNewConnection - pass: null
17 Mar 2025 14:17:28,398 ERROR JdbcUtils 39 getNewConnection - java.sql.SQLException: No suitable driver found for C:\Users\serba\Desktop\Fac\MPP\teme-lab-SergiuSerba\lab3\lab3DB.db
17 Mar 2025 14:17:28,415 TRACE JdbcUtils 55 getConnection - Exit
17 Mar 2025 14:23:59,249 INFO  CarsDBRepository 18 <init> - Initializing CarsDBRepository with properties: {jdbc.url=C:\Users\serba\Desktop\Fac\MPP\teme-lab-SergiuSerba\lab3\lab3DB.db} 
17 Mar 2025 14:23:59,260 TRACE CarsDBRepository 36 add - Enter saving task {}
17 Mar 2025 14:23:59,261 TRACE JdbcUtils 46 getConnection - Enter
17 Mar 2025 14:23:59,262 TRACE JdbcUtils 23 getNewConnection - Enter
17 Mar 2025 14:23:59,262 INFO  JdbcUtils 28 getNewConnection - trying to connect to database ... C:\Users\serba\Desktop\Fac\MPP\teme-lab-SergiuSerba\lab3\lab3DB.db
17 Mar 2025 14:23:59,263 INFO  JdbcUtils 29 getNewConnection - user: null
17 Mar 2025 14:23:59,264 INFO  JdbcUtils 30 getNewConnection - pass: null
17 Mar 2025 14:23:59,305 ERROR JdbcUtils 39 getNewConnection - java.sql.SQLException: No suitable driver found for C:\Users\serba\Desktop\Fac\MPP\teme-lab-SergiuSerba\lab3\lab3DB.db
17 Mar 2025 14:23:59,307 TRACE JdbcUtils 55 getConnection - Exit
17 Mar 2025 14:24:53,933 INFO  CarsDBRepository 18 <init> - Initializing CarsDBRepository with properties: {jdbc.url=C:\Users\serba\Desktop\Fac\MPP\teme-lab-SergiuSerba\lab3\lab3DB.db} 
17 Mar 2025 14:24:53,946 TRACE CarsDBRepository 36 add - Enter saving task {}
17 Mar 2025 14:24:53,947 TRACE JdbcUtils 46 getConnection - Enter
17 Mar 2025 14:24:53,948 TRACE JdbcUtils 23 getNewConnection - Enter
17 Mar 2025 14:24:53,948 INFO  JdbcUtils 28 getNewConnection - trying to connect to database ... C:\Users\serba\Desktop\Fac\MPP\teme-lab-SergiuSerba\lab3\lab3DB.db
17 Mar 2025 14:24:53,949 INFO  JdbcUtils 29 getNewConnection - user: null
17 Mar 2025 14:24:53,950 INFO  JdbcUtils 30 getNewConnection - pass: null
17 Mar 2025 14:24:53,993 ERROR JdbcUtils 39 getNewConnection - java.sql.SQLException: No suitable driver found for C:\Users\serba\Desktop\Fac\MPP\teme-lab-SergiuSerba\lab3\lab3DB.db
17 Mar 2025 14:24:53,996 TRACE JdbcUtils 55 getConnection - Exit
17 Mar 2025 15:10:44,857 INFO  CarsDBRepository 18 <init> - Initializing CarsDBRepository with properties: {jdbc.url=jdbc:sqlite:C:\Users\serba\Desktop\Fac\MPP\teme-lab-SergiuSerba\lab3\lab3DB.db} 
17 Mar 2025 15:10:44,873 TRACE CarsDBRepository 36 add - Enter saving task {}
17 Mar 2025 15:10:44,875 TRACE JdbcUtils 46 getConnection - Enter
17 Mar 2025 15:10:44,875 TRACE JdbcUtils 23 getNewConnection - Enter
17 Mar 2025 15:10:44,876 INFO  JdbcUtils 28 getNewConnection - trying to connect to database ... jdbc:sqlite:C:\Users\serba\Desktop\Fac\MPP\teme-lab-SergiuSerba\lab3\lab3DB.db
17 Mar 2025 15:10:44,877 INFO  JdbcUtils 29 getNewConnection - user: null
17 Mar 2025 15:10:44,879 INFO  JdbcUtils 30 getNewConnection - pass: null
17 Mar 2025 15:10:47,641 TRACE org.sqlite.core.NativeDB 129 prepare - DriverManager [main] [SQLite EXEC] pragma busy_timeout=3000
17 Mar 2025 15:10:47,655 TRACE JdbcUtils 55 getConnection - Exit with(org.sqlite.jdbc4.JDBC4Connection@791f145a)
17 Mar 2025 15:10:47,663 TRACE org.sqlite.core.NativeDB 129 prepare - DriverManager [main] [SQLite EXEC] insert into CarDB (manufacturer, model, year) values (?,?,?)
17 Mar 2025 15:10:47,701 TRACE org.sqlite.core.NativeDB 129 prepare - DriverManager [main] [SQLite EXEC] begin;
17 Mar 2025 15:10:47,705 TRACE org.sqlite.core.NativeDB 129 prepare - DriverManager [main] [SQLite EXEC] commit;
17 Mar 2025 15:10:47,714 TRACE org.sqlite.core.NativeDB 129 prepare - DriverManager [main] [SQLite EXEC] SELECT last_insert_rowid();
17 Mar 2025 15:10:47,717 TRACE CarsDBRepository 43 add - Saved 1 instances
17 Mar 2025 15:10:47,720 TRACE CarsDBRepository 49 add - Exit
17 Mar 2025 15:10:47,721 TRACE CarsDBRepository 59 findAll - Enter
17 Mar 2025 15:10:47,723 TRACE JdbcUtils 46 getConnection - Enter
17 Mar 2025 15:10:47,724 TRACE JdbcUtils 55 getConnection - Exit with(org.sqlite.jdbc4.JDBC4Connection@791f145a)
17 Mar 2025 15:10:47,725 TRACE org.sqlite.core.NativeDB 129 prepare - DriverManager [main] [SQLite EXEC] select * from CarDB
17 Mar 2025 15:10:47,760 TRACE CarsDBRepository 79 findAll - Exit with([Id=1 A AA 2000, Id=2 B BB 2005, Id=3 C CC 2010, Id=4 D DD 2007, Id=5 Tesla Model S 2019])
17 Mar 2025 15:28:08,525 INFO  CarsDBRepository 18 <init> - Initializing CarsDBRepository with properties: {jdbc.url=jdbc:sqlite:C:\Users\serba\Desktop\Fac\MPP\teme-lab-SergiuSerba\lab3\lab3DB.db} 
17 Mar 2025 15:28:08,538 TRACE CarsDBRepository 57 add - Enter saving task {}
17 Mar 2025 15:28:08,539 TRACE JdbcUtils 46 getConnection - Enter
17 Mar 2025 15:28:08,539 TRACE JdbcUtils 23 getNewConnection - Enter
17 Mar 2025 15:28:08,541 INFO  JdbcUtils 28 getNewConnection - trying to connect to database ... jdbc:sqlite:C:\Users\serba\Desktop\Fac\MPP\teme-lab-SergiuSerba\lab3\lab3DB.db
17 Mar 2025 15:28:08,542 INFO  JdbcUtils 29 getNewConnection - user: null
17 Mar 2025 15:28:08,542 INFO  JdbcUtils 30 getNewConnection - pass: null
17 Mar 2025 15:28:10,508 TRACE org.sqlite.core.NativeDB 129 prepare - DriverManager [main] [SQLite EXEC] pragma busy_timeout=3000
17 Mar 2025 15:28:10,521 TRACE JdbcUtils 55 getConnection - Exit with(org.sqlite.jdbc4.JDBC4Connection@791f145a)
17 Mar 2025 15:28:10,528 TRACE org.sqlite.core.NativeDB 129 prepare - DriverManager [main] [SQLite EXEC] insert into CarDB (manufacturer, model, year) values (?,?,?)
17 Mar 2025 15:28:10,546 TRACE org.sqlite.core.NativeDB 129 prepare - DriverManager [main] [SQLite EXEC] begin;
17 Mar 2025 15:28:10,547 TRACE org.sqlite.core.NativeDB 129 prepare - DriverManager [main] [SQLite EXEC] commit;
17 Mar 2025 15:28:10,555 TRACE org.sqlite.core.NativeDB 129 prepare - DriverManager [main] [SQLite EXEC] SELECT last_insert_rowid();
17 Mar 2025 15:28:10,559 TRACE CarsDBRepository 64 add - Saved 1 instances
17 Mar 2025 15:28:10,561 TRACE CarsDBRepository 70 add - Exit
17 Mar 2025 15:28:10,562 TRACE CarsDBRepository 80 findAll - Enter
17 Mar 2025 15:28:10,563 TRACE JdbcUtils 46 getConnection - Enter
17 Mar 2025 15:28:10,564 TRACE JdbcUtils 55 getConnection - Exit with(org.sqlite.jdbc4.JDBC4Connection@791f145a)
17 Mar 2025 15:28:10,567 TRACE org.sqlite.core.NativeDB 129 prepare - DriverManager [main] [SQLite EXEC] select * from CarDB
17 Mar 2025 15:28:10,597 TRACE CarsDBRepository 100 findAll - Exit with([Id=1 A AA 2000, Id=2 B BB 2005, Id=3 C CC 2010, Id=4 D DD 2007, Id=5 Tesla Model S 2019, Id=6 Tesla Model S 2019])
17 Mar 2025 15:28:10,602 TRACE CarsDBRepository 24 findByManufacturer - Enter
17 Mar 2025 15:28:10,602 TRACE JdbcUtils 46 getConnection - Enter
17 Mar 2025 15:28:10,602 TRACE JdbcUtils 55 getConnection - Exit with(org.sqlite.jdbc4.JDBC4Connection@791f145a)
17 Mar 2025 15:28:10,603 TRACE org.sqlite.core.NativeDB 129 prepare - DriverManager [main] [SQLite EXEC] select * from CarDB where manufacturer = ?
17 Mar 2025 15:28:10,605 TRACE CarsDBRepository 45 findByManufacturer - Exit with([Id=5 Tesla Model S 2019, Id=6 Tesla Model S 2019])
17 Mar 2025 16:01:51,311 INFO  CarsDBRepository 18 <init> - Initializing CarsDBRepository with properties: {jdbc.url=jdbc:sqlite:C:\Users\serba\Desktop\Fac\MPP\teme-lab-SergiuSerba\lab3\lab3DB.db} 
17 Mar 2025 16:01:51,320 TRACE CarsDBRepository 92 findAll - Enter
17 Mar 2025 16:01:51,321 TRACE JdbcUtils 46 getConnection - Enter
17 Mar 2025 16:01:51,321 TRACE JdbcUtils 23 getNewConnection - Enter
17 Mar 2025 16:01:51,322 INFO  JdbcUtils 28 getNewConnection - trying to connect to database ... jdbc:sqlite:C:\Users\serba\Desktop\Fac\MPP\teme-lab-SergiuSerba\lab3\lab3DB.db
17 Mar 2025 16:01:51,323 INFO  JdbcUtils 29 getNewConnection - user: null
17 Mar 2025 16:01:51,323 INFO  JdbcUtils 30 getNewConnection - pass: null
17 Mar 2025 16:01:53,815 TRACE org.sqlite.core.NativeDB 129 prepare - DriverManager [main] [SQLite EXEC] pragma busy_timeout=3000
17 Mar 2025 16:01:53,821 TRACE JdbcUtils 55 getConnection - Exit with(org.sqlite.jdbc4.JDBC4Connection@1e0b4072)
17 Mar 2025 16:01:53,826 TRACE org.sqlite.core.NativeDB 129 prepare - DriverManager [main] [SQLite EXEC] select * from CarDB
17 Mar 2025 16:01:53,857 TRACE CarsDBRepository 112 findAll - Exit with([Id=1 A AA 2000, Id=2 B BB 2005, Id=3 C CC 2010, Id=4 D DD 2007, Id=5 Tesla Model S 2019, Id=6 Tesla Model S 2019])
17 Mar 2025 16:01:53,859 TRACE CarsDBRepository 24 findByManufacturer - Enter
17 Mar 2025 16:01:53,859 TRACE JdbcUtils 46 getConnection - Enter
17 Mar 2025 16:01:53,860 TRACE JdbcUtils 55 getConnection - Exit with(org.sqlite.jdbc4.JDBC4Connection@1e0b4072)
17 Mar 2025 16:01:53,861 TRACE org.sqlite.core.NativeDB 129 prepare - DriverManager [main] [SQLite EXEC] select * from CarDB where manufacturer = ?
17 Mar 2025 16:01:53,862 TRACE CarsDBRepository 45 findByManufacturer - Exit with([Id=5 Tesla Model S 2019, Id=6 Tesla Model S 2019])
17 Mar 2025 16:01:53,864 TRACE CarsDBRepository 75 update - Enter
17 Mar 2025 16:01:53,865 TRACE JdbcUtils 46 getConnection - Enter
17 Mar 2025 16:01:53,865 TRACE JdbcUtils 55 getConnection - Exit with(org.sqlite.jdbc4.JDBC4Connection@1e0b4072)
17 Mar 2025 16:01:53,866 TRACE org.sqlite.core.NativeDB 129 prepare - DriverManager [main] [SQLite EXEC] UPDATE carDB SET manufacturer = ?, model = ? , year = ? WHERE id = ?
17 Mar 2025 16:01:53,886 TRACE org.sqlite.core.NativeDB 129 prepare - DriverManager [main] [SQLite EXEC] begin;
17 Mar 2025 16:01:53,887 TRACE org.sqlite.core.NativeDB 129 prepare - DriverManager [main] [SQLite EXEC] commit;
17 Mar 2025 16:01:53,890 TRACE CarsDBRepository 87 update - Exit
17 Mar 2025 16:11:55,549 INFO  CarsDBRepository 18 <init> - Initializing CarsDBRepository with properties: {jdbc.url=jdbc:sqlite:C:\Users\serba\Desktop\Fac\MPP\teme-lab-SergiuSerba\lab3\lab3DB.db} 
17 Mar 2025 16:11:55,567 TRACE CarsDBRepository 113 findAll - Enter
17 Mar 2025 16:11:55,569 TRACE JdbcUtils 46 getConnection - Enter
17 Mar 2025 16:11:55,570 TRACE JdbcUtils 23 getNewConnection - Enter
17 Mar 2025 16:11:55,570 INFO  JdbcUtils 28 getNewConnection - trying to connect to database ... jdbc:sqlite:C:\Users\serba\Desktop\Fac\MPP\teme-lab-SergiuSerba\lab3\lab3DB.db
17 Mar 2025 16:11:55,571 INFO  JdbcUtils 29 getNewConnection - user: null
17 Mar 2025 16:11:55,574 INFO  JdbcUtils 30 getNewConnection - pass: null
17 Mar 2025 16:11:57,581 TRACE org.sqlite.core.NativeDB 129 prepare - DriverManager [main] [SQLite EXEC] pragma busy_timeout=3000
17 Mar 2025 16:11:57,587 TRACE JdbcUtils 55 getConnection - Exit with(org.sqlite.jdbc4.JDBC4Connection@1e0b4072)
17 Mar 2025 16:11:57,591 TRACE org.sqlite.core.NativeDB 129 prepare - DriverManager [main] [SQLite EXEC] select * from CarDB
17 Mar 2025 16:11:57,617 TRACE CarsDBRepository 133 findAll - Exit with([Id=1 A AA 2000, Id=2 B BB 2005, Id=3 C CC 2010, Id=4 D DD 2007, Id=5 Tesla Model S 2019, Id=6 Dacia Sandero 2015])
17 Mar 2025 16:11:57,619 TRACE CarsDBRepository 24 findByManufacturer - Enter
17 Mar 2025 16:11:57,620 TRACE JdbcUtils 46 getConnection - Enter
17 Mar 2025 16:11:57,621 TRACE JdbcUtils 55 getConnection - Exit with(org.sqlite.jdbc4.JDBC4Connection@1e0b4072)
17 Mar 2025 16:11:57,621 TRACE org.sqlite.core.NativeDB 129 prepare - DriverManager [main] [SQLite EXEC] select * from CarDB where manufacturer = ?
17 Mar 2025 16:11:57,623 TRACE CarsDBRepository 45 findByManufacturer - Exit with([Id=5 Tesla Model S 2019])
17 Mar 2025 16:11:57,624 TRACE CarsDBRepository 96 update - Enter
17 Mar 2025 16:11:57,625 TRACE JdbcUtils 46 getConnection - Enter
17 Mar 2025 16:11:57,625 TRACE JdbcUtils 55 getConnection - Exit with(org.sqlite.jdbc4.JDBC4Connection@1e0b4072)
17 Mar 2025 16:11:57,626 TRACE org.sqlite.core.NativeDB 129 prepare - DriverManager [main] [SQLite EXEC] UPDATE carDB SET manufacturer = ?, model = ? , year = ? WHERE id = ?
17 Mar 2025 16:11:57,636 TRACE org.sqlite.core.NativeDB 129 prepare - DriverManager [main] [SQLite EXEC] begin;
17 Mar 2025 16:11:57,636 TRACE org.sqlite.core.NativeDB 129 prepare - DriverManager [main] [SQLite EXEC] commit;
17 Mar 2025 16:11:57,641 TRACE CarsDBRepository 108 update - Exit
17 Mar 2025 16:11:57,641 TRACE CarsDBRepository 51 findBetweenYears - Enter
17 Mar 2025 16:11:57,642 TRACE JdbcUtils 46 getConnection - Enter
17 Mar 2025 16:11:57,642 TRACE JdbcUtils 55 getConnection - Exit with(org.sqlite.jdbc4.JDBC4Connection@1e0b4072)
17 Mar 2025 16:11:57,643 TRACE org.sqlite.core.NativeDB 129 prepare - DriverManager [main] [SQLite EXEC] select * from CarDB where year < ? and year > ?
17 Mar 2025 16:11:57,645 TRACE CarsDBRepository 72 findBetweenYears - Exit with([Id=3 C CC 2010, Id=4 D DD 2007, Id=6 Tesla Model Y 2013])
17 Mar 2025 16:14:10,267 INFO  CarsDBRepository 18 <init> - Initializing CarsDBRepository with properties: {jdbc.url=jdbc:sqlite:C:\Users\serba\Desktop\Fac\MPP\teme-lab-SergiuSerba\lab3\lab3DB.db} 
17 Mar 2025 16:14:10,280 TRACE CarsDBRepository 113 findAll - Enter
17 Mar 2025 16:14:10,281 TRACE JdbcUtils 46 getConnection - Enter
17 Mar 2025 16:14:10,282 TRACE JdbcUtils 23 getNewConnection - Enter
17 Mar 2025 16:14:10,282 INFO  JdbcUtils 28 getNewConnection - trying to connect to database ... jdbc:sqlite:C:\Users\serba\Desktop\Fac\MPP\teme-lab-SergiuSerba\lab3\lab3DB.db
17 Mar 2025 16:14:10,284 INFO  JdbcUtils 29 getNewConnection - user: null
17 Mar 2025 16:14:10,285 INFO  JdbcUtils 30 getNewConnection - pass: null
17 Mar 2025 16:14:11,207 TRACE org.sqlite.core.NativeDB 129 prepare - DriverManager [main] [SQLite EXEC] pragma busy_timeout=3000
17 Mar 2025 16:14:11,214 TRACE JdbcUtils 55 getConnection - Exit with(org.sqlite.jdbc4.JDBC4Connection@1e0b4072)
17 Mar 2025 16:14:11,218 TRACE org.sqlite.core.NativeDB 129 prepare - DriverManager [main] [SQLite EXEC] select * from CarDB
17 Mar 2025 16:14:11,241 TRACE CarsDBRepository 133 findAll - Exit with([Id=1 A AA 2000, Id=2 B BB 2005, Id=3 C CC 2010, Id=4 D DD 2007, Id=5 Tesla Model S 2019, Id=6 Tesla Model Y 2013])
17 Mar 2025 16:14:11,243 TRACE CarsDBRepository 24 findByManufacturer - Enter
17 Mar 2025 16:14:11,244 TRACE JdbcUtils 46 getConnection - Enter
17 Mar 2025 16:14:11,245 TRACE JdbcUtils 55 getConnection - Exit with(org.sqlite.jdbc4.JDBC4Connection@1e0b4072)
17 Mar 2025 16:14:11,246 TRACE org.sqlite.core.NativeDB 129 prepare - DriverManager [main] [SQLite EXEC] select * from CarDB where manufacturer = ?
17 Mar 2025 16:14:11,247 TRACE CarsDBRepository 45 findByManufacturer - Exit with([Id=5 Tesla Model S 2019, Id=6 Tesla Model Y 2013])
17 Mar 2025 16:14:11,248 TRACE CarsDBRepository 96 update - Enter
17 Mar 2025 16:14:11,248 TRACE JdbcUtils 46 getConnection - Enter
17 Mar 2025 16:14:11,249 TRACE JdbcUtils 55 getConnection - Exit with(org.sqlite.jdbc4.JDBC4Connection@1e0b4072)
17 Mar 2025 16:14:11,250 TRACE org.sqlite.core.NativeDB 129 prepare - DriverManager [main] [SQLite EXEC] UPDATE carDB SET manufacturer = ?, model = ? , year = ? WHERE id = ?
17 Mar 2025 16:14:11,260 TRACE org.sqlite.core.NativeDB 129 prepare - DriverManager [main] [SQLite EXEC] begin;
17 Mar 2025 16:14:11,261 TRACE org.sqlite.core.NativeDB 129 prepare - DriverManager [main] [SQLite EXEC] commit;
17 Mar 2025 16:14:11,265 TRACE CarsDBRepository 108 update - Exit
17 Mar 2025 16:14:11,272 TRACE CarsDBRepository 51 findBetweenYears - Enter
17 Mar 2025 16:14:11,272 TRACE JdbcUtils 46 getConnection - Enter
17 Mar 2025 16:14:11,273 TRACE JdbcUtils 55 getConnection - Exit with(org.sqlite.jdbc4.JDBC4Connection@1e0b4072)
17 Mar 2025 16:14:11,273 TRACE org.sqlite.core.NativeDB 129 prepare - DriverManager [main] [SQLite EXEC] select * from CarDB where year < ? and year > ?
17 Mar 2025 16:14:11,275 TRACE CarsDBRepository 72 findBetweenYears - Exit with([Id=3 C CC 2010, Id=4 D DD 2007])
